The system is: Windows - 10.0.19043 - AMD64
Compiling the C compiler identification source file "CMakeCCompilerId.c" succeeded.
Compiler: C:/Program Files (x86)/Microsoft Visual Studio/2019/Community/VC/Tools/MSVC/14.29.30037/bin/Hostx64/x64/cl.exe 
Build flags: 
Id flags:  

The output was:
0
Microsoft (R) C/C++ Optimizing Compiler versione 19.29.30040 per x64
Copyright (C) Microsoft Corporation. Tutti i diritti  sono riservati.

CMakeCCompilerId.c
Microsoft (R) Incremental Linker Version 14.29.30040.0
Copyright (C) Microsoft Corporation.  All rights reserved.

/out:CMakeCCompilerId.exe 
CMakeCCompilerId.obj 


Compilation of the C compiler identification source "CMakeCCompilerId.c" produced "CMakeCCompilerId.exe"

Compilation of the C compiler identification source "CMakeCCompilerId.c" produced "CMakeCCompilerId.obj"

The C compiler identification is MSVC, found in "C:/Users/picci/OneDrive/Desktop/crypto_openSSL/openSSL_CBC/cmake-build-debug/CMakeFiles/3.20.2/CompilerIdC/CMakeCCompilerId.exe"

Detecting C compiler ABI info compiled with the following output:
Change Dir: C:/Users/picci/OneDrive/Desktop/crypto_openSSL/openSSL_CBC/cmake-build-debug/CMakeFiles/CMakeTmp

Run Build Command(s):nmake -f Makefile /nologo cmTC_30288\fast && 	"C:\Program Files (x86)\Microsoft Visual Studio\2019\Community\VC\Tools\MSVC\14.29.30037\bin\HostX64\x64\nmake.exe"  -f CMakeFiles\cmTC_30288.dir\build.make /nologo -L                  CMakeFiles\cmTC_30288.dir\build
Building C object CMakeFiles/cmTC_30288.dir/CMakeCCompilerABI.c.obj
	"C:\Program Files\JetBrains\CLion 2021.1.1\bin\cmake\win\bin\cmake.exe" -E cmake_cl_compile_depends --dep-file=CMakeFiles\cmTC_30288.dir\CMakeCCompilerABI.c.obj.d --working-dir=C:\Users\picci\OneDrive\Desktop\crypto_openSSL\openSSL_CBC\cmake-build-debug\CMakeFiles\CMakeTmp --filter-prefix="" -- C:\PROGRA~2\MICROS~2\2019\COMMUN~1\VC\Tools\MSVC\1429~1.300\bin\Hostx64\x64\cl.exe @C:\Users\picci\AppData\Local\Temp\nm3ECE.tmp
Linking C executable cmTC_30288.exe
	"C:\Program Files\JetBrains\CLion 2021.1.1\bin\cmake\win\bin\cmake.exe" -E vs_link_exe --intdir=CMakeFiles\cmTC_30288.dir --rc=C:\PROGRA~2\WI3CF2~1\10\bin\100190~1.0\x64\rc.exe --mt=C:\PROGRA~2\WI3CF2~1\10\bin\100190~1.0\x64\mt.exe --manifests -- C:\PROGRA~2\MICROS~2\2019\COMMUN~1\VC\Tools\MSVC\1429~1.300\bin\Hostx64\x64\link.exe /nologo @CMakeFiles\cmTC_30288.dir\objects1.rsp @C:\Users\picci\AppData\Local\Temp\nm3F5C.tmp



